<?xml version="1.0" encoding="UTF-8"?>
<!-- Generated by org.testng.reporters.JUnitReportReporter -->
<testsuite skipped="0" hostname="LAPTOP-DULAB47M" name="TestCases.HomepageTest" tests="1" failures="0" timestamp="08 Nov 2020 15:45:04 GMT" time="6.475" errors="0">
  <testcase name="verifyHomepage" time="6.475" classname="TestCases.HomepageTest"/>
</testsuite> <!-- TestCases.HomepageTest -->
