<?xml version="1.0" encoding="UTF-8"?>
<!-- Generated by org.testng.reporters.JUnitReportReporter -->
<testsuite skipped="0" hostname="LAPTOP-DULAB47M" name="TestCases.AutomationPracticepageTest" tests="1" failures="0" timestamp="07 Nov 2020 15:13:09 GMT" time="3.356" errors="0">
  <testcase name="verifyAutomatiompage" time="3.356" classname="TestCases.AutomationPracticepageTest"/>
</testsuite> <!-- TestCases.AutomationPracticepageTest -->
